
=== Tuning Regression_n_gt_10k ===
  {'max_depth': 1, 'learning_rate': 0.005} -> 5.2108 (best_iter=3999)
  {'max_depth': 1, 'learning_rate': 0.01} -> 5.1054 (best_iter=3999)
  {'max_depth': 1, 'learning_rate': 0.05} -> 4.9109 (best_iter=3999)
  {'max_depth': 1, 'learning_rate': 0.1} -> 4.8689 (best_iter=3999)
  {'max_depth': 1, 'learning_rate': 0.2} -> 4.8526 (best_iter=3290)
  {'max_depth': 1, 'learning_rate': 0.3} -> 4.8446 (best_iter=2601)
  {'max_depth': 2, 'learning_rate': 0.005} -> 4.7801 (best_iter=3999)
  {'max_depth': 2, 'learning_rate': 0.01} -> 4.6019 (best_iter=3999)
  {'max_depth': 2, 'learning_rate': 0.05} -> 4.2833 (best_iter=3998)
  {'max_depth': 2, 'learning_rate': 0.1} -> 4.1860 (best_iter=3849)
  {'max_depth': 2, 'learning_rate': 0.2} -> 4.1971 (best_iter=1926)
  {'max_depth': 2, 'learning_rate': 0.3} -> 4.1589 (best_iter=1717)
  {'max_depth': 3, 'learning_rate': 0.005} -> 4.4950 (best_iter=3999)
  {'max_depth': 3, 'learning_rate': 0.01} -> 4.3067 (best_iter=3999)
  {'max_depth': 3, 'learning_rate': 0.05} -> 4.0436 (best_iter=2635)
  {'max_depth': 3, 'learning_rate': 0.1} -> 3.8599 (best_iter=3986)
  {'max_depth': 3, 'learning_rate': 0.2} -> 3.9174 (best_iter=1394)
  {'max_depth': 3, 'learning_rate': 0.3} -> 3.9550 (best_iter=791)
  {'max_depth': 5, 'learning_rate': 0.005} -> 4.0464 (best_iter=3999)
  {'max_depth': 5, 'learning_rate': 0.01} -> 3.8775 (best_iter=3999)
  {'max_depth': 5, 'learning_rate': 0.05} -> 3.6253 (best_iter=3678)
  {'max_depth': 5, 'learning_rate': 0.1} -> 3.6363 (best_iter=1948)
  {'max_depth': 5, 'learning_rate': 0.2} -> 3.6844 (best_iter=727)
  {'max_depth': 5, 'learning_rate': 0.3} -> 3.7106 (best_iter=764)
  {'max_depth': 7, 'learning_rate': 0.005} -> 3.7205 (best_iter=3999)
  {'max_depth': 7, 'learning_rate': 0.01} -> 3.5828 (best_iter=3992)
  {'max_depth': 7, 'learning_rate': 0.05} -> 3.5098 (best_iter=2191)
  {'max_depth': 7, 'learning_rate': 0.1} -> 3.5351 (best_iter=848)
  {'max_depth': 7, 'learning_rate': 0.2} -> 3.6154 (best_iter=387)
  {'max_depth': 7, 'learning_rate': 0.3} -> 3.6818 (best_iter=311)
  {'max_depth': 9, 'learning_rate': 0.005} -> 3.5357 (best_iter=3998)
  {'max_depth': 9, 'learning_rate': 0.01} -> 3.4552 (best_iter=3999)
  {'max_depth': 9, 'learning_rate': 0.05} -> 3.4580 (best_iter=1217)
  {'max_depth': 9, 'learning_rate': 0.1} -> 3.4973 (best_iter=639)
  {'max_depth': 9, 'learning_rate': 0.2} -> 3.5321 (best_iter=233)
  {'max_depth': 9, 'learning_rate': 0.3} -> 3.6131 (best_iter=174)
  {'max_depth': 11, 'learning_rate': 0.005} -> 3.4983 (best_iter=3999)
  {'max_depth': 11, 'learning_rate': 0.01} -> 3.4792 (best_iter=2971)
  {'max_depth': 11, 'learning_rate': 0.05} -> 3.4666 (best_iter=939)
  {'max_depth': 11, 'learning_rate': 0.1} -> 3.4905 (best_iter=399)
  {'max_depth': 11, 'learning_rate': 0.2} -> 3.5671 (best_iter=251)
  {'max_depth': 11, 'learning_rate': 0.3} -> 3.6344 (best_iter=200)
  -> winner: {'max_depth': 9, 'learning_rate': 0.01, 'n_estimators': 4000} (score=3.4552)

=== Tuning Regression_d_gt_50 ===
  {'max_depth': 1, 'learning_rate': 0.005} -> 23139.3320 (best_iter=3999)
  {'max_depth': 1, 'learning_rate': 0.01} -> 22449.8848 (best_iter=2994)
  {'max_depth': 1, 'learning_rate': 0.05} -> 22006.6270 (best_iter=1137)
  {'max_depth': 1, 'learning_rate': 0.1} -> 22242.1465 (best_iter=470)
  {'max_depth': 1, 'learning_rate': 0.2} -> 22309.9707 (best_iter=290)
  {'max_depth': 1, 'learning_rate': 0.3} -> 22735.0488 (best_iter=198)
  {'max_depth': 2, 'learning_rate': 0.005} -> 21762.6836 (best_iter=3999)
  {'max_depth': 2, 'learning_rate': 0.01} -> 21801.0605 (best_iter=1908)
  {'max_depth': 2, 'learning_rate': 0.05} -> 21997.5664 (best_iter=372)
  {'max_depth': 2, 'learning_rate': 0.1} -> 21682.4297 (best_iter=369)
  {'max_depth': 2, 'learning_rate': 0.2} -> 23020.6602 (best_iter=93)
  {'max_depth': 2, 'learning_rate': 0.3} -> 23366.5078 (best_iter=43)
  {'max_depth': 3, 'learning_rate': 0.005} -> 20963.4844 (best_iter=2329)
  {'max_depth': 3, 'learning_rate': 0.01} -> 21094.6504 (best_iter=902)
  {'max_depth': 3, 'learning_rate': 0.05} -> 21098.5293 (best_iter=229)
  {'max_depth': 3, 'learning_rate': 0.1} -> 21077.1738 (best_iter=132)
  {'max_depth': 3, 'learning_rate': 0.2} -> 20801.2520 (best_iter=65)
  {'max_depth': 3, 'learning_rate': 0.3} -> 20793.5566 (best_iter=66)
  {'max_depth': 5, 'learning_rate': 0.005} -> 19816.5020 (best_iter=1407)
  {'max_depth': 5, 'learning_rate': 0.01} -> 19766.0840 (best_iter=752)
  {'max_depth': 5, 'learning_rate': 0.05} -> 19784.3066 (best_iter=151)
  {'max_depth': 5, 'learning_rate': 0.1} -> 20771.9473 (best_iter=73)
  {'max_depth': 5, 'learning_rate': 0.2} -> 21703.1934 (best_iter=41)
  {'max_depth': 5, 'learning_rate': 0.3} -> 21582.7559 (best_iter=29)
  {'max_depth': 7, 'learning_rate': 0.005} -> 20252.4609 (best_iter=1290)
  {'max_depth': 7, 'learning_rate': 0.01} -> 20269.3340 (best_iter=650)
  {'max_depth': 7, 'learning_rate': 0.05} -> 20388.9355 (best_iter=196)
  {'max_depth': 7, 'learning_rate': 0.1} -> 20302.1855 (best_iter=84)
  {'max_depth': 7, 'learning_rate': 0.2} -> 20528.1738 (best_iter=55)
  {'max_depth': 7, 'learning_rate': 0.3} -> 22202.6973 (best_iter=32)
  {'max_depth': 9, 'learning_rate': 0.005} -> 21173.1543 (best_iter=1606)
  {'max_depth': 9, 'learning_rate': 0.01} -> 21378.5938 (best_iter=887)
  {'max_depth': 9, 'learning_rate': 0.05} -> 21386.4121 (best_iter=168)
  {'max_depth': 9, 'learning_rate': 0.1} -> 21581.0527 (best_iter=108)
  {'max_depth': 9, 'learning_rate': 0.2} -> 22249.1406 (best_iter=39)
  {'max_depth': 9, 'learning_rate': 0.3} -> 21857.7812 (best_iter=44)
  {'max_depth': 11, 'learning_rate': 0.005} -> 22586.5547 (best_iter=1942)
  {'max_depth': 11, 'learning_rate': 0.01} -> 22610.9785 (best_iter=1013)
  {'max_depth': 11, 'learning_rate': 0.05} -> 22340.0703 (best_iter=260)
  {'max_depth': 11, 'learning_rate': 0.1} -> 22645.9355 (best_iter=126)
  {'max_depth': 11, 'learning_rate': 0.2} -> 22966.9023 (best_iter=72)
  {'max_depth': 11, 'learning_rate': 0.3} -> 23272.7715 (best_iter=26)
  -> winner: {'max_depth': 5, 'learning_rate': 0.01, 'n_estimators': 753} (score=19766.0840)

=== Tuning Regression_Mixed ===
  {'max_depth': 1, 'learning_rate': 0.005} -> 5589.0960 (best_iter=3049)
  {'max_depth': 1, 'learning_rate': 0.01} -> 5588.7791 (best_iter=1519)
  {'max_depth': 1, 'learning_rate': 0.05} -> 5587.8921 (best_iter=301)
  {'max_depth': 1, 'learning_rate': 0.1} -> 5585.6017 (best_iter=146)
  {'max_depth': 1, 'learning_rate': 0.2} -> 5584.0796 (best_iter=65)
  {'max_depth': 1, 'learning_rate': 0.3} -> 5598.8374 (best_iter=46)
  {'max_depth': 2, 'learning_rate': 0.005} -> 4192.9892 (best_iter=1422)
  {'max_depth': 2, 'learning_rate': 0.01} -> 4192.0901 (best_iter=708)
  {'max_depth': 2, 'learning_rate': 0.05} -> 4189.3788 (best_iter=136)
  {'max_depth': 2, 'learning_rate': 0.1} -> 4183.3596 (best_iter=65)
  {'max_depth': 2, 'learning_rate': 0.2} -> 4197.6423 (best_iter=29)
  {'max_depth': 2, 'learning_rate': 0.3} -> 4163.7520 (best_iter=23)
  {'max_depth': 3, 'learning_rate': 0.005} -> 4202.7050 (best_iter=762)
  {'max_depth': 3, 'learning_rate': 0.01} -> 4201.6050 (best_iter=371)
  {'max_depth': 3, 'learning_rate': 0.05} -> 4203.9631 (best_iter=74)
  {'max_depth': 3, 'learning_rate': 0.1} -> 4187.9630 (best_iter=47)
  {'max_depth': 3, 'learning_rate': 0.2} -> 4210.3765 (best_iter=18)
  {'max_depth': 3, 'learning_rate': 0.3} -> 4197.9126 (best_iter=12)
  {'max_depth': 5, 'learning_rate': 0.005} -> 4251.5085 (best_iter=661)
  {'max_depth': 5, 'learning_rate': 0.01} -> 4247.8481 (best_iter=336)
  {'max_depth': 5, 'learning_rate': 0.05} -> 4255.7203 (best_iter=66)
  {'max_depth': 5, 'learning_rate': 0.1} -> 4246.9713 (best_iter=44)
  {'max_depth': 5, 'learning_rate': 0.2} -> 4258.6268 (best_iter=13)
  {'max_depth': 5, 'learning_rate': 0.3} -> 4262.5741 (best_iter=10)
  {'max_depth': 7, 'learning_rate': 0.005} -> 4390.6342 (best_iter=574)
  {'max_depth': 7, 'learning_rate': 0.01} -> 4396.9270 (best_iter=309)
  {'max_depth': 7, 'learning_rate': 0.05} -> 4426.1229 (best_iter=51)
  {'max_depth': 7, 'learning_rate': 0.1} -> 4352.0462 (best_iter=28)
  {'max_depth': 7, 'learning_rate': 0.2} -> 4370.1990 (best_iter=11)
  {'max_depth': 7, 'learning_rate': 0.3} -> 4330.2643 (best_iter=8)
  {'max_depth': 9, 'learning_rate': 0.005} -> 4657.4786 (best_iter=600)
  {'max_depth': 9, 'learning_rate': 0.01} -> 4616.4966 (best_iter=365)
  {'max_depth': 9, 'learning_rate': 0.05} -> 4589.8556 (best_iter=56)
  {'max_depth': 9, 'learning_rate': 0.1} -> 4596.8511 (best_iter=27)
  {'max_depth': 9, 'learning_rate': 0.2} -> 4521.4597 (best_iter=13)
  {'max_depth': 9, 'learning_rate': 0.3} -> 4638.1007 (best_iter=7)
  {'max_depth': 11, 'learning_rate': 0.005} -> 4759.2494 (best_iter=609)
  {'max_depth': 11, 'learning_rate': 0.01} -> 4738.7987 (best_iter=308)
  {'max_depth': 11, 'learning_rate': 0.05} -> 4768.4894 (best_iter=56)
  {'max_depth': 11, 'learning_rate': 0.1} -> 4750.6956 (best_iter=24)
  {'max_depth': 11, 'learning_rate': 0.2} -> 4716.6503 (best_iter=13)
  {'max_depth': 11, 'learning_rate': 0.3} -> 4727.3728 (best_iter=6)
  -> winner: {'max_depth': 2, 'learning_rate': 0.3, 'n_estimators': 24} (score=4163.7520)

=== Tuning Classification_n_gt_10k ===
  {'max_depth': 1, 'learning_rate': 0.005} -> 0.9840 (best_iter=3999)
  {'max_depth': 1, 'learning_rate': 0.01} -> 0.9842 (best_iter=3999)
  {'max_depth': 1, 'learning_rate': 0.05} -> 0.9794 (best_iter=3999)
  {'max_depth': 1, 'learning_rate': 0.1} -> 0.9775 (best_iter=3999)
  {'max_depth': 1, 'learning_rate': 0.2} -> 0.9771 (best_iter=3999)
  {'max_depth': 1, 'learning_rate': 0.3} -> 0.9763 (best_iter=3998)
  {'max_depth': 2, 'learning_rate': 0.005} -> 0.9866 (best_iter=3999)
  {'max_depth': 2, 'learning_rate': 0.01} -> 0.9866 (best_iter=3999)
  {'max_depth': 2, 'learning_rate': 0.05} -> 0.9758 (best_iter=2896)
  {'max_depth': 2, 'learning_rate': 0.1} -> 0.9752 (best_iter=1409)
  {'max_depth': 2, 'learning_rate': 0.2} -> 0.9766 (best_iter=703)
  {'max_depth': 2, 'learning_rate': 0.3} -> 0.9732 (best_iter=389)
  {'max_depth': 3, 'learning_rate': 0.005} -> 0.9857 (best_iter=3999)
  {'max_depth': 3, 'learning_rate': 0.01} -> 0.9789 (best_iter=3999)
  {'max_depth': 3, 'learning_rate': 0.05} -> 0.9753 (best_iter=1209)
  {'max_depth': 3, 'learning_rate': 0.1} -> 0.9803 (best_iter=578)
  {'max_depth': 3, 'learning_rate': 0.2} -> 0.9798 (best_iter=290)
  {'max_depth': 3, 'learning_rate': 0.3} -> 0.9727 (best_iter=188)
  {'max_depth': 5, 'learning_rate': 0.005} -> 0.9789 (best_iter=3999)
  {'max_depth': 5, 'learning_rate': 0.01} -> 0.9807 (best_iter=1951)
  {'max_depth': 5, 'learning_rate': 0.05} -> 0.9800 (best_iter=439)
  {'max_depth': 5, 'learning_rate': 0.1} -> 0.9780 (best_iter=210)
  {'max_depth': 5, 'learning_rate': 0.2} -> 0.9750 (best_iter=120)
  {'max_depth': 5, 'learning_rate': 0.3} -> 0.9814 (best_iter=70)
  {'max_depth': 7, 'learning_rate': 0.005} -> 0.9757 (best_iter=1944)
  {'max_depth': 7, 'learning_rate': 0.01} -> 0.9760 (best_iter=1201)
  {'max_depth': 7, 'learning_rate': 0.05} -> 0.9758 (best_iter=239)
  {'max_depth': 7, 'learning_rate': 0.1} -> 0.9757 (best_iter=120)
  {'max_depth': 7, 'learning_rate': 0.2} -> 0.9757 (best_iter=56)
  {'max_depth': 7, 'learning_rate': 0.3} -> 0.9762 (best_iter=43)
  {'max_depth': 9, 'learning_rate': 0.005} -> 0.9816 (best_iter=1827)
  {'max_depth': 9, 'learning_rate': 0.01} -> 0.9830 (best_iter=928)
  {'max_depth': 9, 'learning_rate': 0.05} -> 0.9801 (best_iter=180)
  {'max_depth': 9, 'learning_rate': 0.1} -> 0.9819 (best_iter=93)
  {'max_depth': 9, 'learning_rate': 0.2} -> 0.9773 (best_iter=45)
  {'max_depth': 9, 'learning_rate': 0.3} -> 0.9784 (best_iter=32)
  {'max_depth': 11, 'learning_rate': 0.005} -> 0.9763 (best_iter=1830)
  {'max_depth': 11, 'learning_rate': 0.01} -> 0.9783 (best_iter=927)
  {'max_depth': 11, 'learning_rate': 0.05} -> 0.9780 (best_iter=190)
  {'max_depth': 11, 'learning_rate': 0.1} -> 0.9825 (best_iter=93)
  {'max_depth': 11, 'learning_rate': 0.2} -> 0.9773 (best_iter=45)
  {'max_depth': 11, 'learning_rate': 0.3} -> 0.9842 (best_iter=29)
  -> winner: {'max_depth': 2, 'learning_rate': 0.005, 'n_estimators': 4000} (score=0.9866)

=== Tuning Classification_d_gt_50 ===
  {'max_depth': 1, 'learning_rate': 0.005} -> 0.9500 (best_iter=3999)
  {'max_depth': 1, 'learning_rate': 0.01} -> 0.9490 (best_iter=3998)
  {'max_depth': 1, 'learning_rate': 0.05} -> 0.9371 (best_iter=3663)
  {'max_depth': 1, 'learning_rate': 0.1} -> 0.9364 (best_iter=1975)
  {'max_depth': 1, 'learning_rate': 0.2} -> 0.9316 (best_iter=1250)
  {'max_depth': 1, 'learning_rate': 0.3} -> 0.9344 (best_iter=718)
  {'max_depth': 2, 'learning_rate': 0.005} -> 0.9474 (best_iter=3999)
  {'max_depth': 2, 'learning_rate': 0.01} -> 0.9317 (best_iter=3999)
  {'max_depth': 2, 'learning_rate': 0.05} -> 0.9223 (best_iter=1369)
  {'max_depth': 2, 'learning_rate': 0.1} -> 0.9246 (best_iter=718)
  {'max_depth': 2, 'learning_rate': 0.2} -> 0.9270 (best_iter=290)
  {'max_depth': 2, 'learning_rate': 0.3} -> 0.9374 (best_iter=221)
  {'max_depth': 3, 'learning_rate': 0.005} -> 0.9480 (best_iter=3998)
  {'max_depth': 3, 'learning_rate': 0.01} -> 0.9463 (best_iter=3060)
  {'max_depth': 3, 'learning_rate': 0.05} -> 0.9462 (best_iter=605)
  {'max_depth': 3, 'learning_rate': 0.1} -> 0.9490 (best_iter=314)
  {'max_depth': 3, 'learning_rate': 0.2} -> 0.9537 (best_iter=186)
  {'max_depth': 3, 'learning_rate': 0.3} -> 0.9479 (best_iter=105)
  {'max_depth': 5, 'learning_rate': 0.005} -> 0.9508 (best_iter=2594)
  {'max_depth': 5, 'learning_rate': 0.01} -> 0.9516 (best_iter=1304)
  {'max_depth': 5, 'learning_rate': 0.05} -> 0.9508 (best_iter=270)
  {'max_depth': 5, 'learning_rate': 0.1} -> 0.9444 (best_iter=141)
  {'max_depth': 5, 'learning_rate': 0.2} -> 0.9477 (best_iter=63)
  {'max_depth': 5, 'learning_rate': 0.3} -> 0.9343 (best_iter=41)
  {'max_depth': 7, 'learning_rate': 0.005} -> 0.9429 (best_iter=1630)
  {'max_depth': 7, 'learning_rate': 0.01} -> 0.9421 (best_iter=956)
  {'max_depth': 7, 'learning_rate': 0.05} -> 0.9429 (best_iter=204)
  {'max_depth': 7, 'learning_rate': 0.1} -> 0.9395 (best_iter=103)
  {'max_depth': 7, 'learning_rate': 0.2} -> 0.9367 (best_iter=38)
  {'max_depth': 7, 'learning_rate': 0.3} -> 0.9445 (best_iter=29)
  {'max_depth': 9, 'learning_rate': 0.005} -> 0.9429 (best_iter=1466)
  {'max_depth': 9, 'learning_rate': 0.01} -> 0.9447 (best_iter=731)
  {'max_depth': 9, 'learning_rate': 0.05} -> 0.9500 (best_iter=141)
  {'max_depth': 9, 'learning_rate': 0.1} -> 0.9414 (best_iter=73)
  {'max_depth': 9, 'learning_rate': 0.2} -> 0.9388 (best_iter=32)
  {'max_depth': 9, 'learning_rate': 0.3} -> 0.9458 (best_iter=27)
  {'max_depth': 11, 'learning_rate': 0.005} -> 0.9417 (best_iter=1441)
  {'max_depth': 11, 'learning_rate': 0.01} -> 0.9364 (best_iter=566)
  {'max_depth': 11, 'learning_rate': 0.05} -> 0.9380 (best_iter=127)
  {'max_depth': 11, 'learning_rate': 0.1} -> 0.9433 (best_iter=76)
  {'max_depth': 11, 'learning_rate': 0.2} -> 0.9361 (best_iter=36)
  {'max_depth': 11, 'learning_rate': 0.3} -> 0.9406 (best_iter=15)
  -> winner: {'max_depth': 3, 'learning_rate': 0.2, 'n_estimators': 187} (score=0.9537)

=== Tuning Classification_Mixed ===
  {'max_depth': 1, 'learning_rate': 0.005} -> 0.9360 (best_iter=3560)
  {'max_depth': 1, 'learning_rate': 0.01} -> 0.9360 (best_iter=1790)
  {'max_depth': 1, 'learning_rate': 0.05} -> 0.9362 (best_iter=353)
  {'max_depth': 1, 'learning_rate': 0.1} -> 0.9350 (best_iter=210)
  {'max_depth': 1, 'learning_rate': 0.2} -> 0.9350 (best_iter=109)
  {'max_depth': 1, 'learning_rate': 0.3} -> 0.9352 (best_iter=71)
  {'max_depth': 2, 'learning_rate': 0.005} -> 0.9455 (best_iter=2102)
  {'max_depth': 2, 'learning_rate': 0.01} -> 0.9451 (best_iter=1043)
  {'max_depth': 2, 'learning_rate': 0.05} -> 0.9442 (best_iter=241)
  {'max_depth': 2, 'learning_rate': 0.1} -> 0.9453 (best_iter=116)
  {'max_depth': 2, 'learning_rate': 0.2} -> 0.9451 (best_iter=55)
  {'max_depth': 2, 'learning_rate': 0.3} -> 0.9436 (best_iter=42)
  {'max_depth': 3, 'learning_rate': 0.005} -> 0.9451 (best_iter=1270)
  {'max_depth': 3, 'learning_rate': 0.01} -> 0.9453 (best_iter=646)
  {'max_depth': 3, 'learning_rate': 0.05} -> 0.9451 (best_iter=151)
  {'max_depth': 3, 'learning_rate': 0.1} -> 0.9446 (best_iter=75)
  {'max_depth': 3, 'learning_rate': 0.2} -> 0.9446 (best_iter=41)
  {'max_depth': 3, 'learning_rate': 0.3} -> 0.9453 (best_iter=20)
  {'max_depth': 5, 'learning_rate': 0.005} -> 0.9410 (best_iter=885)
  {'max_depth': 5, 'learning_rate': 0.01} -> 0.9423 (best_iter=434)
  {'max_depth': 5, 'learning_rate': 0.05} -> 0.9404 (best_iter=102)
  {'max_depth': 5, 'learning_rate': 0.1} -> 0.9432 (best_iter=65)
  {'max_depth': 5, 'learning_rate': 0.2} -> 0.9421 (best_iter=25)
  {'max_depth': 5, 'learning_rate': 0.3} -> 0.9366 (best_iter=14)
  {'max_depth': 7, 'learning_rate': 0.005} -> 0.9300 (best_iter=753)
  {'max_depth': 7, 'learning_rate': 0.01} -> 0.9351 (best_iter=459)
  {'max_depth': 7, 'learning_rate': 0.05} -> 0.9385 (best_iter=90)
  {'max_depth': 7, 'learning_rate': 0.1} -> 0.9357 (best_iter=37)
  {'max_depth': 7, 'learning_rate': 0.2} -> 0.9419 (best_iter=20)
  {'max_depth': 7, 'learning_rate': 0.3} -> 0.9446 (best_iter=20)
  {'max_depth': 9, 'learning_rate': 0.005} -> 0.9289 (best_iter=741)
  {'max_depth': 9, 'learning_rate': 0.01} -> 0.9308 (best_iter=384)
  {'max_depth': 9, 'learning_rate': 0.05} -> 0.9314 (best_iter=79)
  {'max_depth': 9, 'learning_rate': 0.1} -> 0.9346 (best_iter=40)
  {'max_depth': 9, 'learning_rate': 0.2} -> 0.9474 (best_iter=30)
  {'max_depth': 9, 'learning_rate': 0.3} -> 0.9423 (best_iter=17)
  {'max_depth': 11, 'learning_rate': 0.005} -> 0.9295 (best_iter=761)
  {'max_depth': 11, 'learning_rate': 0.01} -> 0.9287 (best_iter=381)
  {'max_depth': 11, 'learning_rate': 0.05} -> 0.9325 (best_iter=71)
  {'max_depth': 11, 'learning_rate': 0.1} -> 0.9395 (best_iter=57)
  {'max_depth': 11, 'learning_rate': 0.2} -> 0.9429 (best_iter=25)
  {'max_depth': 11, 'learning_rate': 0.3} -> 0.9372 (best_iter=14)
  -> winner: {'max_depth': 9, 'learning_rate': 0.2, 'n_estimators': 31} (score=0.9474)
Skipping Regression_n_gt_10k (already tuned)
Skipping Regression_d_gt_50 (already tuned)
Skipping Regression_Mixed (already tuned)

=== Tuning Classification_n_gt_10k ===
  {'max_depth': 1, 'learning_rate': 0.005} -> 0.9093 (best_iter=3998)
  {'max_depth': 1, 'learning_rate': 0.01} -> 0.9093 (best_iter=3835)
  {'max_depth': 1, 'learning_rate': 0.05} -> 0.9093 (best_iter=622)
  {'max_depth': 1, 'learning_rate': 0.1} -> 0.9085 (best_iter=655)
  {'max_depth': 1, 'learning_rate': 0.2} -> 0.9088 (best_iter=236)
  {'max_depth': 1, 'learning_rate': 0.3} -> 0.9087 (best_iter=85)
  {'max_depth': 2, 'learning_rate': 0.005} -> 0.9210 (best_iter=3997)
  {'max_depth': 2, 'learning_rate': 0.01} -> 0.9205 (best_iter=3998)
  {'max_depth': 2, 'learning_rate': 0.05} -> 0.9196 (best_iter=986)
  {'max_depth': 2, 'learning_rate': 0.1} -> 0.9191 (best_iter=549)
  {'max_depth': 2, 'learning_rate': 0.2} -> 0.9203 (best_iter=270)
  {'max_depth': 2, 'learning_rate': 0.3} -> 0.9187 (best_iter=256)
  {'max_depth': 3, 'learning_rate': 0.005} -> 0.9242 (best_iter=3999)
  {'max_depth': 3, 'learning_rate': 0.01} -> 0.9227 (best_iter=3999)
  {'max_depth': 3, 'learning_rate': 0.05} -> 0.9208 (best_iter=1058)
  {'max_depth': 3, 'learning_rate': 0.1} -> 0.9210 (best_iter=480)
  {'max_depth': 3, 'learning_rate': 0.2} -> 0.9214 (best_iter=353)
  {'max_depth': 3, 'learning_rate': 0.3} -> 0.9215 (best_iter=103)
  {'max_depth': 5, 'learning_rate': 0.005} -> 0.9181 (best_iter=3855)
  {'max_depth': 5, 'learning_rate': 0.01} -> 0.9178 (best_iter=2631)
  {'max_depth': 5, 'learning_rate': 0.05} -> 0.9180 (best_iter=506)
  {'max_depth': 5, 'learning_rate': 0.1} -> 0.9155 (best_iter=247)
  {'max_depth': 5, 'learning_rate': 0.2} -> 0.9139 (best_iter=138)
  {'max_depth': 5, 'learning_rate': 0.3} -> 0.9123 (best_iter=98)
  {'max_depth': 7, 'learning_rate': 0.005} -> 0.9148 (best_iter=2711)
  {'max_depth': 7, 'learning_rate': 0.01} -> 0.9149 (best_iter=1267)
  {'max_depth': 7, 'learning_rate': 0.05} -> 0.9162 (best_iter=343)
  {'max_depth': 7, 'learning_rate': 0.1} -> 0.9121 (best_iter=156)
  {'max_depth': 7, 'learning_rate': 0.2} -> 0.9125 (best_iter=76)
  {'max_depth': 7, 'learning_rate': 0.3} -> 0.9076 (best_iter=38)
  {'max_depth': 9, 'learning_rate': 0.005} -> 0.9146 (best_iter=1633)
  {'max_depth': 9, 'learning_rate': 0.01} -> 0.9131 (best_iter=866)
  {'max_depth': 9, 'learning_rate': 0.05} -> 0.9139 (best_iter=161)
  {'max_depth': 9, 'learning_rate': 0.1} -> 0.9133 (best_iter=68)
  {'max_depth': 9, 'learning_rate': 0.2} -> 0.9090 (best_iter=33)
  {'max_depth': 9, 'learning_rate': 0.3} -> 0.9122 (best_iter=27)
  {'max_depth': 11, 'learning_rate': 0.005} -> 0.9096 (best_iter=1053)
  {'max_depth': 11, 'learning_rate': 0.01} -> 0.9118 (best_iter=466)
  {'max_depth': 11, 'learning_rate': 0.05} -> 0.9088 (best_iter=106)
  {'max_depth': 11, 'learning_rate': 0.1} -> 0.9107 (best_iter=69)
  {'max_depth': 11, 'learning_rate': 0.2} -> 0.9098 (best_iter=29)
  {'max_depth': 11, 'learning_rate': 0.3} -> 0.9055 (best_iter=18)
  -> winner: {'max_depth': 3, 'learning_rate': 0.005, 'n_estimators': 4000} (score=0.9242)
Skipping Classification_d_gt_50 (already tuned)
Skipping Classification_Mixed (already tuned)
